<?xml version="1.0" encoding="UTF-8"?>
<!-- Generated by org.testng.reporters.JUnitReportReporter -->
<testsuite skipped="0" hostname="CON044" name="com.scholastic.rco.orderdetails.TeacherOderDetails" tests="1" failures="0" timestamp="2022-02-12T02:05:43 IST" time="3.207" errors="0">
  <testcase name="teacherOrderDetails" time="3.207" classname="com.scholastic.rco.orderdetails.TeacherOderDetails"/>
  <system-out/>
</testsuite> <!-- com.scholastic.rco.orderdetails.TeacherOderDetails -->
