<?xml version="1.0" encoding="UTF-8"?>
<!-- Generated by org.testng.reporters.JUnitReportReporter -->
<testsuite skipped="0" hostname="CON044" name="com.scholastic.rco.orderdetails.TeacherOderDetailsTest" tests="1" failures="0" timestamp="2022-02-12T03:39:39 IST" time="5.219" errors="0">
  <testcase name="teacherOrderDetails" time="5.219" classname="com.scholastic.rco.orderdetails.TeacherOderDetailsTest"/>
  <system-out/>
</testsuite> <!-- com.scholastic.rco.orderdetails.TeacherOderDetailsTest -->
