<?xml version="1.0" encoding="UTF-8"?>
<!-- Generated by org.testng.reporters.JUnitReportReporter -->
<testsuite hostname="SCHL-24183M" failures="0" tests="1" name="com.web.app.test.login.Runner" time="0.156" errors="0" timestamp="2021-09-29T17:59:18 EDT" skipped="0">
  <testcase classname="com.web.app.test.login.Runner" name="runScenario" time="0.156"/>
  <system-out/>
</testsuite> <!-- com.web.app.test.login.Runner -->
